<?xml version="1.0" encoding="UTF-8"?>
<robot generator="Robot 3.2.2 (Python 3.9.0 on win32)" generated="20210215 09:52:33.852" rpa="false">
<suite id="s1" name="Tests Connexion" source="C:\wamp\www\API_Projet\ServiceWeb\Tests_RF\tests\tests_connexion.robot">
<test id="s1-t1" name="Test ajout offre">
<kw name="Open Browser" library="SeleniumLibrary">
<doc>Opens a new browser instance to the optional ``url``.</doc>
<arguments>
<arg>http://localhost/API_Projet/ServiceWeb/Website/index.php</arg>
</arguments>
<msg timestamp="20210215 09:52:34.071" level="INFO">Opening browser 'firefox' to base url 'http://localhost/API_Projet/ServiceWeb/Website/index.php'.</msg>
<msg timestamp="20210215 09:52:34.074" level="INFO">Firefox driver log is always forced to to: C:\wamp\www\API_Projet\ServiceWeb\Tests_RF\tests\results\geckodriver-17.log</msg>
<status status="PASS" starttime="20210215 09:52:34.071" endtime="20210215 09:52:39.333"></status>
</kw>
<kw name="Wait Until Element Is Visible" library="SeleniumLibrary">
<doc>Waits until the element ``locator`` is visible.</doc>
<arguments>
<arg>class=nav-link</arg>
</arguments>
<status status="PASS" starttime="20210215 09:52:39.333" endtime="20210215 09:52:39.377"></status>
</kw>
<kw name="Click Element" library="SeleniumLibrary">
<doc>Click the element identified by ``locator``.</doc>
<arguments>
<arg>id=connexion</arg>
</arguments>
<msg timestamp="20210215 09:52:39.378" level="INFO">Clicking element 'id=connexion'.</msg>
<status status="PASS" starttime="20210215 09:52:39.377" endtime="20210215 09:52:39.471"></status>
</kw>
<kw name="Wait Until Element Is Visible" library="SeleniumLibrary">
<doc>Waits until the element ``locator`` is visible.</doc>
<arguments>
<arg>class=col-md-4</arg>
</arguments>
<status status="PASS" starttime="20210215 09:52:39.472" endtime="20210215 09:52:39.518"></status>
</kw>
<kw name="Input Text" library="SeleniumLibrary">
<doc>Types the given ``text`` into the text field identified by ``locator``.</doc>
<arguments>
<arg>id=formGroupExampleInput</arg>
<arg>Jean-Pierre Polnareff</arg>
</arguments>
<msg timestamp="20210215 09:52:39.518" level="INFO">Typing text 'Jean-Pierre Polnareff' into text field 'id=formGroupExampleInput'.</msg>
<status status="PASS" starttime="20210215 09:52:39.518" endtime="20210215 09:52:39.580"></status>
</kw>
<kw name="Input Text" library="SeleniumLibrary">
<doc>Types the given ``text`` into the text field identified by ``locator``.</doc>
<arguments>
<arg>id=exampleFormControlInput1</arg>
<arg>JPP2021</arg>
</arguments>
<msg timestamp="20210215 09:52:39.581" level="INFO">Typing text 'JPP2021' into text field 'id=exampleFormControlInput1'.</msg>
<status status="PASS" starttime="20210215 09:52:39.580" endtime="20210215 09:52:39.604"></status>
</kw>
<kw name="Click Button" library="SeleniumLibrary">
<doc>Clicks the button identified by ``locator``.</doc>
<arguments>
<arg>id=Submit</arg>
</arguments>
<msg timestamp="20210215 09:52:39.605" level="INFO">Clicking button 'id=Submit'.</msg>
<status status="PASS" starttime="20210215 09:52:39.604" endtime="20210215 09:52:39.847"></status>
</kw>
<kw name="Close Browser" library="SeleniumLibrary">
<doc>Closes the current browser.</doc>
<status status="PASS" starttime="20210215 09:52:39.848" endtime="20210215 09:52:40.638"></status>
</kw>
<doc>Se connecter</doc>
<status status="PASS" starttime="20210215 09:52:34.070" endtime="20210215 09:52:40.638" critical="yes"></status>
</test>
<doc>Test offres</doc>
<status status="PASS" starttime="20210215 09:52:33.854" endtime="20210215 09:52:40.643"></status>
</suite>
<statistics>
<total>
<stat pass="1" fail="0">Critical Tests</stat>
<stat pass="1" fail="0">All Tests</stat>
</total>
<tag>
</tag>
<suite>
<stat pass="1" fail="0" id="s1" name="Tests Connexion">Tests Connexion</stat>
</suite>
</statistics>
<errors>
<msg timestamp="20210215 09:52:33.873" level="ERROR">Error in file 'C:\wamp\www\API_Projet\ServiceWeb\Tests_RF\tests\tests_connexion.robot' on line 11: Importing test library 'Selenium2Library' failed: ModuleNotFoundError: No module named 'Selenium2Library'
Traceback (most recent call last):
  None
PYTHONPATH:
  C:\Users\damie\AppData\Local\Programs\Python\Python39\Scripts\robot.exe
  c:\users\damie\appdata\local\programs\python\python39\python39.zip
  c:\users\damie\appdata\local\programs\python\python39\DLLs
  c:\users\damie\appdata\local\programs\python\python39\lib
  c:\users\damie\appdata\local\programs\python\python39
  C:\Users\damie\AppData\Roaming\Python\Python39\site-packages
  c:\users\damie\appdata\local\programs\python\python39\lib\site-packages</msg>
</errors>
</robot>
